2022-04-08 16:34:25,637 - INFO - **********打开浏览器，开始测试**********
2022-04-08 16:34:41,177 - INFO - **********打开浏览器，开始测试**********
2022-04-08 16:34:42,916 - INFO - 进入登录页面
2022-04-08 16:34:43,062 - INFO - 刷新页面
2022-04-08 16:34:43,062 - INFO - 

--------------执行测试: 测试输入错误验证码登录失败 ---------------
2022-04-08 16:34:43,129 - INFO - 输入用户名 admin
2022-04-08 16:34:43,203 - INFO - 输入密码 12345678
2022-04-08 16:34:43,265 - INFO - 输入验证码 666 
2022-04-08 16:34:43,328 - INFO - 点击登录按钮
2022-04-08 16:34:43,329 - INFO - 开始断言
2022-04-08 16:34:43,858 - INFO - 测试通过
2022-04-08 16:34:43,858 - INFO - 
--------------执行完毕: 测试输入错误验证码登录失败 ---------------

2022-04-08 16:34:43,946 - INFO - 刷新页面
2022-04-08 16:34:43,946 - INFO - 

--------------执行测试: 测试输入验证码为空登录失败 ---------------
2022-04-08 16:34:44,007 - INFO - 输入用户名 icoin
2022-04-08 16:34:44,070 - INFO - 输入密码 654321
2022-04-08 16:34:44,124 - INFO - 输入验证码  
2022-04-08 16:34:44,176 - INFO - 点击登录按钮
2022-04-08 16:34:44,176 - INFO - 开始断言
2022-04-08 16:34:44,696 - INFO - 测试通过
2022-04-08 16:34:44,696 - INFO - 
--------------执行完毕: 测试输入验证码为空登录失败 ---------------

2022-04-08 16:34:44,783 - INFO - 刷新页面
2022-04-08 16:34:44,783 - INFO - 

--------------执行测试: 测试输入用户名为空登录失败 ---------------
2022-04-08 16:34:44,829 - INFO - 输入用户名 
2022-04-08 16:34:44,889 - INFO - 输入密码 123456
2022-04-08 16:34:44,947 - INFO - 输入验证码 6666 
2022-04-08 16:34:44,997 - INFO - 点击登录按钮
2022-04-08 16:34:44,997 - INFO - 开始断言
2022-04-08 16:34:45,025 - INFO - 测试通过
2022-04-08 16:34:45,025 - INFO - 
--------------执行完毕: 测试输入用户名为空登录失败 ---------------

2022-04-08 16:34:45,128 - INFO - 刷新页面
2022-04-08 16:34:45,129 - INFO - 

--------------执行测试: 测试输入密码为空登录失败 ---------------
2022-04-08 16:34:45,195 - INFO - 输入用户名 icoin
2022-04-08 16:34:45,245 - INFO - 输入密码 
2022-04-08 16:34:45,299 - INFO - 输入验证码 66666 
2022-04-08 16:34:45,342 - INFO - 点击登录按钮
2022-04-08 16:34:45,342 - INFO - 开始断言
2022-04-08 16:34:45,363 - INFO - 测试通过
2022-04-08 16:34:45,363 - INFO - 
--------------执行完毕: 测试输入密码为空登录失败 ---------------

2022-04-08 16:34:45,464 - INFO - 刷新页面
2022-04-08 16:34:45,464 - INFO - 
--------------执行测试: 测试登录成功 ---------------
2022-04-08 16:34:45,606 - INFO - 输入用户名 test
2022-04-08 16:34:45,673 - INFO - 输入密码 123456
2022-04-08 16:34:45,884 - INFO - 输入验证码 4637 
2022-04-08 16:34:45,954 - INFO - 点击登录按钮
2022-04-08 16:34:45,954 - INFO - 开始断言
2022-04-08 16:34:46,512 - INFO - 测试通过
2022-04-08 16:34:46,513 - INFO - 
--------------执行完毕: 测试登录成功 ---------------

2022-04-08 16:34:48,633 - INFO - **********关闭浏览器，结束测试**********


2022-04-08 16:34:52,889 - INFO - **********打开浏览器，开始测试**********
2022-04-08 16:34:52,889 - INFO - 

--------------执行测试: 测试进入用户管理 ---------------
2022-04-08 16:34:54,646 - INFO - 进入登录页面
2022-04-08 16:34:54,703 - INFO - 输入用户名 test
2022-04-08 16:34:54,765 - INFO - 输入密码 123456
2022-04-08 16:34:54,979 - INFO - 输入验证码 6478 
2022-04-08 16:34:55,032 - INFO - 点击登录按钮
2022-04-08 16:34:56,171 - INFO - 点击系统管理
2022-04-08 16:34:56,759 - INFO - 点击用户管理
2022-04-08 16:34:56,759 - INFO - 开始断言
2022-04-08 16:34:57,893 - INFO - 测试通过
2022-04-08 16:34:57,893 - INFO - 
--------------执行完毕: 测试进入用户管理 ---------------

2022-04-08 16:34:57,894 - INFO - 

--------------执行测试: 测试进入角色管理 ---------------
2022-04-08 16:34:57,972 - INFO - 点击角色管理
2022-04-08 16:34:57,972 - INFO - 开始断言
2022-04-08 16:34:59,054 - INFO - 测试通过
2022-04-08 16:34:59,054 - INFO - 
--------------执行完毕: 测试进入角色管理 ---------------

2022-04-08 16:34:59,054 - INFO - 

--------------执行测试: 测试进入菜单管理 ---------------
2022-04-08 16:34:59,128 - INFO - 点击菜单管理
2022-04-08 16:34:59,128 - INFO - 开始断言
2022-04-08 16:34:59,714 - ERROR - 测试未通过 '' != '菜单名称'
+ 菜单名称
Traceback (most recent call last):
  File "E:\Study\pythonProject\pythonProject\my_selenium_project\testcases\test02_Home.py", line 90, in test03_enter_menu_manage
    self.assertEqual(result.text, '菜单名称')
  File "C:\Program Files\Python38\lib\unittest\case.py", line 912, in assertEqual
    assertion_func(first, second, msg=msg)
  File "C:\Program Files\Python38\lib\unittest\case.py", line 1292, in assertMultiLineEqual
    self.fail(self._formatMessage(msg, standardMsg))
  File "C:\Program Files\Python38\lib\unittest\case.py", line 753, in fail
    raise self.failureException(msg)
AssertionError: '' != '菜单名称'
+ 菜单名称
2022-04-08 16:34:59,728 - INFO - 

--------------执行测试: 测试进入部门管理 ---------------
2022-04-08 16:35:00,343 - INFO - 点击部门管理
2022-04-08 16:35:00,343 - INFO - 开始断言
2022-04-08 16:35:00,979 - INFO - 测试通过
2022-04-08 16:35:00,979 - INFO - 
--------------执行完毕: 测试进入部门管理 ---------------

2022-04-08 16:35:00,979 - INFO - 

--------------执行测试: 测试进入岗位管理 ---------------
2022-04-08 16:35:01,032 - INFO - 点击岗位管理
2022-04-08 16:35:01,032 - INFO - 开始断言
2022-04-08 16:35:01,698 - INFO - 测试通过
2022-04-08 16:35:01,698 - INFO - 
--------------执行完毕: 测试进入岗位管理 ---------------

2022-04-08 16:35:01,698 - INFO - 

--------------执行测试: 测试进入字典管理 ---------------
2022-04-08 16:35:01,765 - INFO - 点击字典管理
2022-04-08 16:35:01,765 - INFO - 开始断言
2022-04-08 16:35:02,357 - INFO - 测试通过
2022-04-08 16:35:02,357 - INFO - 
--------------执行完毕: 测试进入字典管理 ---------------

2022-04-08 16:35:02,357 - INFO - 

--------------执行测试: 测试退出登录成功 ---------------
2022-04-08 16:35:02,412 - INFO - 点击头像
2022-04-08 16:35:02,971 - INFO - 点击logout
2022-04-08 16:35:03,007 - INFO - 点击确认退出按钮
2022-04-08 16:35:03,007 - INFO - 开始断言
2022-04-08 16:35:03,534 - INFO - 测试通过
2022-04-08 16:35:03,535 - INFO - 
--------------执行完毕: 测试退出登录成功 ---------------

2022-04-08 16:35:05,627 - INFO - **********关闭浏览器，结束测试**********


2022-04-08 16:35:08,628 - INFO - ----强制等待3s----


2022-04-08 16:35:10,919 - INFO - send_email success
